Arguments: 
  /usr/bin/node /usr/share/yarn/bin/yarn.js add express

PATH: 
  /usr/local/bin:/usr/bin:/bin:/usr/local/games:/usr/games:/sbin:/usr/sbin:/snap/bin:/home/filipe/.dotnet/tools

Yarn version: 
  1.22.5

Node version: 
  14.16.1

Platform: 
  linux x64

Trace: 
  SyntaxError: /home/filipe/Documents/projeto_nlw/package.json: Unexpected token } in JSON at position 91
      at JSON.parse (<anonymous>)
      at /usr/share/yarn/lib/cli.js:1625:59
      at Generator.next (<anonymous>)
      at step (/usr/share/yarn/lib/cli.js:310:30)
      at /usr/share/yarn/lib/cli.js:321:13

npm manifest: 
  {
    "name": "projeto_nlw",
    "version": "1.0.0",
    "main": "index.js",
    "license": "MIT",
  }

yarn manifest: 
  No manifest

Lockfile: 
  # THIS IS AN AUTOGENERATED FILE. DO NOT EDIT THIS FILE DIRECTLY.
  # yarn lockfile v1
  
  
  expresss@^0.0.0:
    version "0.0.0"
    resolved "https://registry.yarnpkg.com/expresss/-/expresss-0.0.0.tgz#5b33a7f89e7af90d312c4fd649e9020bfc820929"
    integrity sha1-WzOn+J56+Q0xLE/WSekCC/yCCSk=
